<?xml version="1.0" encoding="UTF-8"?>
<testsuite xmlns:xsi="http://www.w3.org/2001/XMLSchema-instance" xsi:noNamespaceSchemaLocation="https://maven.apache.org/surefire/maven-surefire-plugin/xsd/surefire-test-report.xsd" name="com.login.loginSystem.LoginSystemApplicationTests" time="19.631" tests="2" errors="2" skipped="0" failures="0">
  <properties>
[...]
</properties>
  <testcase name="whenGetCreatedUserByUserName_thenOK" classname="com.login.loginSystem.LoginSystemApplicationTests" time="4.707">
    <error message="Connection refused: connect" type="java.net.ConnectException">java.net.ConnectException: Connection refused: connect
	at com.login.loginSystem.LoginSystemApplicationTests.createUserAsUri(LoginSystemApplicationTests.java:33)
	at com.login.loginSystem.LoginSystemApplicationTests.whenGetCreatedUserByUserName_thenOK(LoginSystemApplicationTests.java:51)
</error>
    <system-out><![CDATA[00:32:22.062 [main] DEBUG org.springframework.test.context.junit4.SpringJUnit4ClassRunner - SpringJUnit4ClassRunner constructor called with [class com.login.loginSystem.LoginSystemApplicationTests]
00:32:22.078 [main] DEBUG org.springframework.test.context.BootstrapUtils - Instantiating CacheAwareContextLoaderDelegate from class [org.springframework.test.context.cache.DefaultCacheAwareContextLoaderDelegate]
00:32:22.099 [main] DEBUG org.springframework.test.context.BootstrapUtils - Instantiating BootstrapContext using constructor [public org.springframework.test.context.support.DefaultBootstrapContext(java.lang.Class,org.springframework.test.context.CacheAwareContextLoaderDelegate)]
00:32:22.158 [main] DEBUG org.springframework.test.context.BootstrapUtils - Instantiating TestContextBootstrapper for test class [com.login.loginSystem.LoginSystemApplicationTests] from class [org.springframework.boot.test.context.SpringBootTestContextBootstrapper]
00:32:22.189 [main] INFO org.springframework.boot.test.context.SpringBootTestContextBootstrapper - Neither @ContextConfiguration nor @ContextHierarchy found for test class [com.login.loginSystem.LoginSystemApplicationTests], using SpringBootContextLoader
00:32:22.199 [main] DEBUG org.springframework.test.context.support.AbstractContextLoader - Did not detect default resource location for test class [com.login.loginSystem.LoginSystemApplicationTests]: class path resource [com/login/loginSystem/LoginSystemApplicationTests-context.xml] does not exist
00:32:22.201 [main] DEBUG org.springframework.test.context.support.AbstractContextLoader - Did not detect default resource location for test class [com.login.loginSystem.LoginSystemApplicationTests]: class path resource [com/login/loginSystem/LoginSystemApplicationTestsContext.groovy] does not exist
00:32:22.202 [main] INFO org.springframework.test.context.support.AbstractContextLoader - Could not detect default resource locations for test class [com.login.loginSystem.LoginSystemApplicationTests]: no resource found for suffixes {-context.xml, Context.groovy}.
00:32:22.211 [main] INFO org.springframework.test.context.support.AnnotationConfigContextLoaderUtils - Could not detect default configuration classes for test class [com.login.loginSystem.LoginSystemApplicationTests]: LoginSystemApplicationTests does not declare any static, non-private, non-final, nested classes annotated with @Configuration.
00:32:22.341 [main] DEBUG org.springframework.test.context.support.ActiveProfilesUtils - Could not find an 'annotation declaring class' for annotation type [org.springframework.test.context.ActiveProfiles] and class [com.login.loginSystem.LoginSystemApplicationTests]
00:32:22.554 [main] DEBUG org.springframework.context.annotation.ClassPathScanningCandidateComponentProvider - Identified candidate component class: file [C:\sts-workspace\loginSystem\target\classes\com\login\loginSystem\LoginSystemApplication.class]
00:32:22.556 [main] INFO org.springframework.boot.test.context.SpringBootTestContextBootstrapper - Found @SpringBootConfiguration com.login.loginSystem.LoginSystemApplication for test class com.login.loginSystem.LoginSystemApplicationTests
00:32:22.753 [main] DEBUG org.springframework.boot.test.context.SpringBootTestContextBootstrapper - @TestExecutionListeners is not present for class [com.login.loginSystem.LoginSystemApplicationTests]: using defaults.
00:32:22.755 [main] INFO org.springframework.boot.test.context.SpringBootTestContextBootstrapper - Loaded default TestExecutionListener class names from location [META-INF/spring.factories]: [org.springframework.boot.test.mock.mockito.MockitoTestExecutionListener, org.springframework.boot.test.mock.mockito.ResetMocksTestExecutionListener, org.springframework.boot.test.autoconfigure.restdocs.RestDocsTestExecutionListener, org.springframework.boot.test.autoconfigure.web.client.MockRestServiceServerResetTestExecutionListener, org.springframework.boot.test.autoconfigure.web.servlet.MockMvcPrintOnlyOnFailureTestExecutionListener, org.springframework.boot.test.autoconfigure.web.servlet.WebDriverTestExecutionListener, org.springframework.test.context.web.ServletTestExecutionListener, org.springframework.test.context.support.DirtiesContextBeforeModesTestExecutionListener, org.springframework.test.context.support.DependencyInjectionTestExecutionListener, org.springframework.test.context.support.DirtiesContextTestExecutionListener, org.springframework.test.context.transaction.TransactionalTestExecutionListener, org.springframework.test.context.jdbc.SqlScriptsTestExecutionListener]
00:32:22.796 [main] INFO org.springframework.boot.test.context.SpringBootTestContextBootstrapper - Using TestExecutionListeners: [org.springframework.test.context.web.ServletTestExecutionListener@3590fc5b, org.springframework.test.context.support.DirtiesContextBeforeModesTestExecutionListener@397fbdb, org.springframework.boot.test.mock.mockito.MockitoTestExecutionListener@33d512c1, org.springframework.boot.test.autoconfigure.SpringBootDependencyInjectionTestExecutionListener@515c6049, org.springframework.test.context.support.DirtiesContextTestExecutionListener@639c2c1d, org.springframework.test.context.transaction.TransactionalTestExecutionListener@5fe94a96, org.springframework.test.context.jdbc.SqlScriptsTestExecutionListener@443118b0, org.springframework.boot.test.mock.mockito.ResetMocksTestExecutionListener@765d7657, org.springframework.boot.test.autoconfigure.restdocs.RestDocsTestExecutionListener@74235045, org.springframework.boot.test.autoconfigure.web.client.MockRestServiceServerResetTestExecutionListener@618b19ad, org.springframework.boot.test.autoconfigure.web.servlet.MockMvcPrintOnlyOnFailureTestExecutionListener@2d3379b4, org.springframework.boot.test.autoconfigure.web.servlet.WebDriverTestExecutionListener@30c15d8b]
00:32:22.811 [main] DEBUG org.springframework.test.annotation.ProfileValueUtils - Retrieved @ProfileValueSourceConfiguration [null] for test class [com.login.loginSystem.LoginSystemApplicationTests]
00:32:22.824 [main] DEBUG org.springframework.test.annotation.ProfileValueUtils - Retrieved ProfileValueSource type [class org.springframework.test.annotation.SystemProfileValueSource] for class [com.login.loginSystem.LoginSystemApplicationTests]
00:32:22.860 [main] DEBUG org.springframework.test.annotation.ProfileValueUtils - Retrieved @ProfileValueSourceConfiguration [null] for test class [com.login.loginSystem.LoginSystemApplicationTests]
00:32:22.865 [main] DEBUG org.springframework.test.annotation.ProfileValueUtils - Retrieved ProfileValueSource type [class org.springframework.test.annotation.SystemProfileValueSource] for class [com.login.loginSystem.LoginSystemApplicationTests]
00:32:22.868 [main] DEBUG org.springframework.test.annotation.ProfileValueUtils - Retrieved @ProfileValueSourceConfiguration [null] for test class [com.login.loginSystem.LoginSystemApplicationTests]
00:32:22.869 [main] DEBUG org.springframework.test.annotation.ProfileValueUtils - Retrieved ProfileValueSource type [class org.springframework.test.annotation.SystemProfileValueSource] for class [com.login.loginSystem.LoginSystemApplicationTests]
00:32:22.885 [main] DEBUG org.springframework.test.context.support.AbstractDirtiesContextTestExecutionListener - Before test class: context [DefaultTestContext@6025e1b6 testClass = LoginSystemApplicationTests, testInstance = [null], testMethod = [null], testException = [null], mergedContextConfiguration = [WebMergedContextConfiguration@22ff4249 testClass = LoginSystemApplicationTests, locations = '{}', classes = '{class com.login.loginSystem.LoginSystemApplication}', contextInitializerClasses = '[]', activeProfiles = '{}', propertySourceLocations = '{}', propertySourceProperties = '{org.springframework.boot.test.context.SpringBootTestContextBootstrapper=true}', contextCustomizers = set[org.springframework.boot.test.context.filter.ExcludeFilterContextCustomizer@543c6f6d, org.springframework.boot.test.json.DuplicateJsonObjectContextCustomizerFactory$DuplicateJsonObjectContextCustomizer@7403c468, org.springframework.boot.test.mock.mockito.MockitoContextCustomizer@0, org.springframework.boot.test.web.client.TestRestTemplateContextCustomizer@43a0cee9, org.springframework.boot.test.autoconfigure.properties.PropertyMappingContextCustomizer@0, org.springframework.boot.test.autoconfigure.web.servlet.WebDriverContextCustomizerFactory$Customizer@16f7c8c1], resourceBasePath = 'src/main/webapp', contextLoader = 'org.springframework.boot.test.context.SpringBootContextLoader', parent = [null]], attributes = map['org.springframework.test.context.web.ServletTestExecutionListener.activateListener' -> true]], class annotated with @DirtiesContext [false] with mode [null].
00:32:22.892 [main] DEBUG org.springframework.test.annotation.ProfileValueUtils - Retrieved @ProfileValueSourceConfiguration [null] for test class [com.login.loginSystem.LoginSystemApplicationTests]
00:32:22.892 [main] DEBUG org.springframework.test.annotation.ProfileValueUtils - Retrieved ProfileValueSource type [class org.springframework.test.annotation.SystemProfileValueSource] for class [com.login.loginSystem.LoginSystemApplicationTests]
00:32:22.965 [main] DEBUG org.springframework.test.context.support.TestPropertySourceUtils - Adding inlined properties to environment: {spring.jmx.enabled=false, org.springframework.boot.test.context.SpringBootTestContextBootstrapper=true, server.port=-1}

  .   ____          _            __ _ _
 /\\ / ___'_ __ _ _(_)_ __  __ _ \ \ \ \
( ( )\___ | '_ | '_| | '_ \/ _` | \ \ \ \
 \\/  ___)| |_)| | | | | || (_| |  ) ) ) )
  '  |____| .__|_| |_|_| |_\__, | / / / /
 =========|_|==============|___/=/_/_/_/
 :: Spring Boot ::        (v2.1.4.RELEASE)

2019-04-08 00:32:23.894  INFO 6236 --- [           main] c.l.l.LoginSystemApplicationTests        : Starting LoginSystemApplicationTests on KING with PID 6236 (started by sksar in C:\sts-workspace\loginSystem)
2019-04-08 00:32:23.897  INFO 6236 --- [           main] c.l.l.LoginSystemApplicationTests        : No active profile set, falling back to default profiles: default
2019-04-08 00:32:26.313  INFO 6236 --- [           main] .s.d.r.c.RepositoryConfigurationDelegate : Bootstrapping Spring Data repositories in DEFAULT mode.
2019-04-08 00:32:26.434  INFO 6236 --- [           main] .s.d.r.c.RepositoryConfigurationDelegate : Finished Spring Data repository scanning in 109ms. Found 1 repository interfaces.
2019-04-08 00:32:30.321  INFO 6236 --- [           main] org.mongodb.driver.cluster               : Cluster created with settings {hosts=[localhost:27017], mode=MULTIPLE, requiredClusterType=UNKNOWN, serverSelectionTimeout='30000 ms', maxWaitQueueSize=500}
2019-04-08 00:32:30.321  INFO 6236 --- [           main] org.mongodb.driver.cluster               : Adding discovered server localhost:27017 to client view of cluster
2019-04-08 00:32:30.486  INFO 6236 --- [localhost:27017] org.mongodb.driver.connection            : Opened connection [connectionId{localValue:1, serverValue:45}] to localhost:27017
2019-04-08 00:32:30.500  INFO 6236 --- [localhost:27017] org.mongodb.driver.cluster               : Monitor thread successfully connected to server with description ServerDescription{address=localhost:27017, type=STANDALONE, state=CONNECTED, ok=true, version=ServerVersion{versionList=[4, 0, 8]}, minWireVersion=0, maxWireVersion=7, maxDocumentSize=16777216, logicalSessionTimeoutMinutes=30, roundTripTimeNanos=9434760}
2019-04-08 00:32:30.507  INFO 6236 --- [localhost:27017] org.mongodb.driver.cluster               : Discovered cluster type of STANDALONE
2019-04-08 00:32:33.521  INFO 6236 --- [           main] o.s.s.concurrent.ThreadPoolTaskExecutor  : Initializing ExecutorService 'applicationTaskExecutor'
2019-04-08 00:32:33.879  INFO 6236 --- [           main] o.s.b.a.w.s.WelcomePageHandlerMapping    : Adding welcome page: ServletContext resource [/index.html]
2019-04-08 00:32:34.329  INFO 6236 --- [           main] c.l.l.LoginSystemApplicationTests        : Started LoginSystemApplicationTests in 11.318 seconds (JVM running for 13.545)
]]></system-out>
  </testcase>
  <testcase name="whenCreateNewUser_thenCreated" classname="com.login.loginSystem.LoginSystemApplicationTests" time="2.039">
    <error message="Connection refused: connect" type="java.net.ConnectException">java.net.ConnectException: Connection refused: connect
	at com.login.loginSystem.LoginSystemApplicationTests.whenCreateNewUser_thenCreated(LoginSystemApplicationTests.java:43)
</error>
  </testcase>
</testsuite>